<?xml version="1.0" encoding="UTF-8"?>
<testsuite xmlns:xsi="http://www.w3.org/2001/XMLSchema-instance" xsi:noNamespaceSchemaLocation="https://maven.apache.org/surefire/maven-surefire-plugin/xsd/surefire-test-report-3.0.xsd" version="3.0" name="com.example.currencyexchange.CurrencyConverterTest" time="0.975" tests="11" errors="0" skipped="0" failures="0">
  <properties>
    <property name="java.specification.version" value="21"/>
    <property name="sun.cpu.isalist" value="amd64"/>
    <property name="sun.jnu.encoding" value="Cp1252"/>
    <property name="java.class.path" value="C:\Users\XPRISTO\Desktop\QA\currencyExchange\target\test-classes;C:\Users\XPRISTO\.m2\repository\org\openjfx\javafx-controls\20-ea+4\javafx-controls-20-ea+4.jar;C:\Users\XPRISTO\.m2\repository\org\openjfx\javafx-graphics\20-ea+4\javafx-graphics-20-ea+4.jar;C:\Users\XPRISTO\.m2\repository\org\openjfx\javafx-base\20-ea+4\javafx-base-20-ea+4.jar;C:\Users\XPRISTO\.m2\repository\org\openjfx\javafx-fxml\20-ea+4\javafx-fxml-20-ea+4.jar;C:\Users\XPRISTO\.m2\repository\org\junit\jupiter\junit-jupiter-api\5.9.1\junit-jupiter-api-5.9.1.jar;C:\Users\XPRISTO\.m2\repository\org\opentest4j\opentest4j\1.2.0\opentest4j-1.2.0.jar;C:\Users\XPRISTO\.m2\repository\org\junit\platform\junit-platform-commons\1.9.1\junit-platform-commons-1.9.1.jar;C:\Users\XPRISTO\.m2\repository\org\apiguardian\apiguardian-api\1.1.2\apiguardian-api-1.1.2.jar;C:\Users\XPRISTO\.m2\repository\org\junit\jupiter\junit-jupiter-engine\5.8.2\junit-jupiter-engine-5.8.2.jar;C:\Users\XPRISTO\.m2\repository\org\junit\platform\junit-platform-engine\1.8.2\junit-platform-engine-1.8.2.jar;C:\Users\XPRISTO\.m2\repository\commons-logging\commons-logging\1.2\commons-logging-1.2.jar;C:\Users\XPRISTO\.m2\repository\commons-codec\commons-codec\1.11\commons-codec-1.11.jar;C:\Users\XPRISTO\.m2\repository\org\junit\jupiter\junit-jupiter-params\5.8.1\junit-jupiter-params-5.8.1.jar;C:\Users\XPRISTO\.m2\repository\org\mockito\mockito-core\4.2.0\mockito-core-4.2.0.jar;C:\Users\XPRISTO\.m2\repository\net\bytebuddy\byte-buddy\1.12.4\byte-buddy-1.12.4.jar;C:\Users\XPRISTO\.m2\repository\net\bytebuddy\byte-buddy-agent\1.12.4\byte-buddy-agent-1.12.4.jar;C:\Users\XPRISTO\.m2\repository\org\objenesis\objenesis\3.2\objenesis-3.2.jar;"/>
    <property name="java.vm.vendor" value="Oracle Corporation"/>
    <property name="sun.arch.data.model" value="64"/>
    <property name="user.variant" value=""/>
    <property name="java.vendor.url" value="https://java.oracle.com/"/>
    <property name="user.timezone" value="Asia/Jerusalem"/>
    <property name="os.name" value="Windows 10"/>
    <property name="java.vm.specification.version" value="21"/>
    <property name="sun.java.launcher" value="SUN_STANDARD"/>
    <property name="user.country" value="US"/>
    <property name="sun.boot.library.path" value="C:\Program Files\Java\jdk-21\bin"/>
    <property name="sun.java.command" value="org.apache.maven.surefire.booter.ForkedBooter C:\Users\XPRISTO\AppData\Local\Temp\surefire12118416857787442705 2024-01-23T21-36-29_151-jvmRun1 surefire-20240123213629388_1tmp surefire_0-20240123213629388_2tmp"/>
    <property name="jdk.debug" value="release"/>
    <property name="surefire.test.class.path" value="C:\Users\XPRISTO\Desktop\QA\currencyExchange\target\test-classes;C:\Users\XPRISTO\.m2\repository\org\openjfx\javafx-controls\20-ea+4\javafx-controls-20-ea+4.jar;C:\Users\XPRISTO\.m2\repository\org\openjfx\javafx-graphics\20-ea+4\javafx-graphics-20-ea+4.jar;C:\Users\XPRISTO\.m2\repository\org\openjfx\javafx-base\20-ea+4\javafx-base-20-ea+4.jar;C:\Users\XPRISTO\.m2\repository\org\openjfx\javafx-fxml\20-ea+4\javafx-fxml-20-ea+4.jar;C:\Users\XPRISTO\.m2\repository\org\junit\jupiter\junit-jupiter-api\5.9.1\junit-jupiter-api-5.9.1.jar;C:\Users\XPRISTO\.m2\repository\org\opentest4j\opentest4j\1.2.0\opentest4j-1.2.0.jar;C:\Users\XPRISTO\.m2\repository\org\junit\platform\junit-platform-commons\1.9.1\junit-platform-commons-1.9.1.jar;C:\Users\XPRISTO\.m2\repository\org\apiguardian\apiguardian-api\1.1.2\apiguardian-api-1.1.2.jar;C:\Users\XPRISTO\.m2\repository\org\junit\jupiter\junit-jupiter-engine\5.8.2\junit-jupiter-engine-5.8.2.jar;C:\Users\XPRISTO\.m2\repository\org\junit\platform\junit-platform-engine\1.8.2\junit-platform-engine-1.8.2.jar;C:\Users\XPRISTO\.m2\repository\commons-logging\commons-logging\1.2\commons-logging-1.2.jar;C:\Users\XPRISTO\.m2\repository\commons-codec\commons-codec\1.11\commons-codec-1.11.jar;C:\Users\XPRISTO\.m2\repository\org\junit\jupiter\junit-jupiter-params\5.8.1\junit-jupiter-params-5.8.1.jar;C:\Users\XPRISTO\.m2\repository\org\mockito\mockito-core\4.2.0\mockito-core-4.2.0.jar;C:\Users\XPRISTO\.m2\repository\net\bytebuddy\byte-buddy\1.12.4\byte-buddy-1.12.4.jar;C:\Users\XPRISTO\.m2\repository\net\bytebuddy\byte-buddy-agent\1.12.4\byte-buddy-agent-1.12.4.jar;C:\Users\XPRISTO\.m2\repository\org\objenesis\objenesis\3.2\objenesis-3.2.jar;"/>
    <property name="sun.cpu.endian" value="little"/>
    <property name="user.home" value="C:\Users\XPRISTO"/>
    <property name="user.language" value="en"/>
    <property name="java.specification.vendor" value="Oracle Corporation"/>
    <property name="jdk.module.path" value="C:\Users\XPRISTO\Desktop\QA\currencyExchange\target\classes;C:\Users\XPRISTO\.m2\repository\org\openjfx\javafx-controls\20-ea+4\javafx-controls-20-ea+4-win.jar;C:\Users\XPRISTO\.m2\repository\org\openjfx\javafx-graphics\20-ea+4\javafx-graphics-20-ea+4-win.jar;C:\Users\XPRISTO\.m2\repository\org\openjfx\javafx-base\20-ea+4\javafx-base-20-ea+4-win.jar;C:\Users\XPRISTO\.m2\repository\org\openjfx\javafx-fxml\20-ea+4\javafx-fxml-20-ea+4-win.jar;C:\Users\XPRISTO\.m2\repository\org\apache\httpcomponents\httpclient\4.5.13\httpclient-4.5.13.jar;C:\Users\XPRISTO\.m2\repository\org\apache\httpcomponents\httpcore\4.4.13\httpcore-4.4.13.jar;C:\Users\XPRISTO\.m2\repository\com\google\code\gson\gson\2.8.6\gson-2.8.6.jar"/>
    <property name="java.version.date" value="2023-10-17"/>
    <property name="java.home" value="C:\Program Files\Java\jdk-21"/>
    <property name="file.separator" value="\"/>
    <property name="basedir" value="C:\Users\XPRISTO\Desktop\QA\currencyExchange"/>
    <property name="java.vm.compressedOopsMode" value="Zero based"/>
    <property name="line.separator" value="&#10;"/>
    <property name="java.vm.specification.vendor" value="Oracle Corporation"/>
    <property name="java.specification.name" value="Java Platform API Specification"/>
    <property name="surefire.real.class.path" value="C:\Users\XPRISTO\.m2\repository\org\apache\maven\surefire\surefire-booter\3.2.2\surefire-booter-3.2.2.jar;C:\Users\XPRISTO\.m2\repository\org\apache\maven\surefire\surefire-api\3.2.2\surefire-api-3.2.2.jar;C:\Users\XPRISTO\.m2\repository\org\apache\maven\surefire\surefire-logger-api\3.2.2\surefire-logger-api-3.2.2.jar;C:\Users\XPRISTO\.m2\repository\org\apache\maven\surefire\surefire-shared-utils\3.2.2\surefire-shared-utils-3.2.2.jar;C:\Users\XPRISTO\.m2\repository\org\apache\maven\surefire\surefire-extensions-spi\3.2.2\surefire-extensions-spi-3.2.2.jar;C:\Users\XPRISTO\Desktop\QA\currencyExchange\target\test-classes;C:\Users\XPRISTO\.m2\repository\org\openjfx\javafx-controls\20-ea+4\javafx-controls-20-ea+4.jar;C:\Users\XPRISTO\.m2\repository\org\openjfx\javafx-graphics\20-ea+4\javafx-graphics-20-ea+4.jar;C:\Users\XPRISTO\.m2\repository\org\openjfx\javafx-base\20-ea+4\javafx-base-20-ea+4.jar;C:\Users\XPRISTO\.m2\repository\org\openjfx\javafx-fxml\20-ea+4\javafx-fxml-20-ea+4.jar;C:\Users\XPRISTO\.m2\repository\org\junit\jupiter\junit-jupiter-api\5.9.1\junit-jupiter-api-5.9.1.jar;C:\Users\XPRISTO\.m2\repository\org\opentest4j\opentest4j\1.2.0\opentest4j-1.2.0.jar;C:\Users\XPRISTO\.m2\repository\org\junit\platform\junit-platform-commons\1.9.1\junit-platform-commons-1.9.1.jar;C:\Users\XPRISTO\.m2\repository\org\apiguardian\apiguardian-api\1.1.2\apiguardian-api-1.1.2.jar;C:\Users\XPRISTO\.m2\repository\org\junit\jupiter\junit-jupiter-engine\5.8.2\junit-jupiter-engine-5.8.2.jar;C:\Users\XPRISTO\.m2\repository\org\junit\platform\junit-platform-engine\1.8.2\junit-platform-engine-1.8.2.jar;C:\Users\XPRISTO\.m2\repository\commons-logging\commons-logging\1.2\commons-logging-1.2.jar;C:\Users\XPRISTO\.m2\repository\commons-codec\commons-codec\1.11\commons-codec-1.11.jar;C:\Users\XPRISTO\.m2\repository\org\junit\jupiter\junit-jupiter-params\5.8.1\junit-jupiter-params-5.8.1.jar;C:\Users\XPRISTO\.m2\repository\org\mockito\mockito-core\4.2.0\mockito-core-4.2.0.jar;C:\Users\XPRISTO\.m2\repository\net\bytebuddy\byte-buddy\1.12.4\byte-buddy-1.12.4.jar;C:\Users\XPRISTO\.m2\repository\net\bytebuddy\byte-buddy-agent\1.12.4\byte-buddy-agent-1.12.4.jar;C:\Users\XPRISTO\.m2\repository\org\objenesis\objenesis\3.2\objenesis-3.2.jar;C:\Users\XPRISTO\.m2\repository\org\apache\maven\surefire\surefire-junit-platform\3.2.2\surefire-junit-platform-3.2.2.jar;C:\Users\XPRISTO\.m2\repository\org\apache\maven\surefire\common-java5\3.2.2\common-java5-3.2.2.jar;C:\Users\XPRISTO\.m2\repository\org\junit\platform\junit-platform-launcher\1.9.1\junit-platform-launcher-1.9.1.jar"/>
    <property name="user.script" value=""/>
    <property name="sun.management.compiler" value="HotSpot 64-Bit Tiered Compilers"/>
    <property name="java.runtime.version" value="21.0.1+12-LTS-29"/>
    <property name="user.name" value="XPRISTO"/>
    <property name="stdout.encoding" value="Cp1252"/>
    <property name="path.separator" value=";"/>
    <property name="os.version" value="10.0"/>
    <property name="java.runtime.name" value="Java(TM) SE Runtime Environment"/>
    <property name="file.encoding" value="UTF-8"/>
    <property name="java.vm.name" value="Java HotSpot(TM) 64-Bit Server VM"/>
    <property name="localRepository" value="C:\Users\XPRISTO\.m2\repository"/>
    <property name="java.vendor.url.bug" value="https://bugreport.java.com/bugreport/"/>
    <property name="java.io.tmpdir" value="C:\Users\XPRISTO\AppData\Local\Temp\"/>
    <property name="java.version" value="21.0.1"/>
    <property name="user.dir" value="C:\Users\XPRISTO\Desktop\QA\currencyExchange"/>
    <property name="os.arch" value="amd64"/>
    <property name="java.vm.specification.name" value="Java Virtual Machine Specification"/>
    <property name="sun.os.patch.level" value=""/>
    <property name="native.encoding" value="Cp1252"/>
    <property name="java.library.path" value="C:\Program Files\Java\jdk-21\bin;C:\Windows\Sun\Java\bin;C:\Windows\system32;C:\Windows;C:\Program Files\Common Files\Oracle\Java\javapath;C:\Windows\system32;C:\Windows;C:\Windows\System32\Wbem;C:\Windows\System32\WindowsPowerShell\v1.0\;C:\Windows\System32\OpenSSH\;C:\Program Files\dotnet\;C:\Program Files\Git\cmd;C:\Program Files\nodejs\;%JAVA_HOME%\bin;C:\Users\XPRISTO\AppData\Local\Programs\Python\Launcher\;C:\Users\XPRISTO\AppData\Local\Microsoft\WindowsApps;C:\Users\XPRISTO\AppData\Local\Programs\Microsoft VS Code\bin;C:\Users\XPRISTO\AppData\Roaming\npm;C:\Users\XPRISTO\AppData\Local\GitHubDesktop\bin;C:\dev\apache-maven-3.9.6\bin;;."/>
    <property name="java.vm.info" value="mixed mode"/>
    <property name="stderr.encoding" value="Cp1252"/>
    <property name="java.vendor" value="Oracle Corporation"/>
    <property name="java.vm.version" value="21.0.1+12-LTS-29"/>
    <property name="sun.io.unicode.encoding" value="UnicodeLittle"/>
    <property name="java.class.version" value="65.0"/>
  </properties>
  <testcase name="testGetSupportedCurrencies" classname="com.example.currencyexchange.CurrencyConverterTest" time="0.49"/>
  <testcase name="testConvert_InvalidToCurrency(String)[1]" classname="com.example.currencyexchange.CurrencyConverterTest" time="0.019"/>
  <testcase name="testConvert_InvalidToCurrency(String)[2]" classname="com.example.currencyexchange.CurrencyConverterTest" time="0.002"/>
  <testcase name="testConvert_InvalidAmount(double)[1]" classname="com.example.currencyexchange.CurrencyConverterTest" time="0.007"/>
  <testcase name="testConvert_InvalidAmount(double)[2]" classname="com.example.currencyexchange.CurrencyConverterTest" time="0.001"/>
  <testcase name="testConvert_InvalidAmountNaN(double)[1]" classname="com.example.currencyexchange.CurrencyConverterTest" time="0.0"/>
  <testcase name="testConvert_InvalidFromCurrency(String)[1]" classname="com.example.currencyexchange.CurrencyConverterTest" time="0.001"/>
  <testcase name="testConvert_InvalidFromCurrency(String)[2]" classname="com.example.currencyexchange.CurrencyConverterTest" time="0.001"/>
  <testcase name="testConfirmRemoval" classname="com.example.currencyexchange.CurrencyConverterTest" time="0.131"/>
  <testcase name="testConvert_ValidParameters_Comma" classname="com.example.currencyexchange.CurrencyConverterTest" time="0.136"/>
  <testcase name="testConvert_ValidParameters" classname="com.example.currencyexchange.CurrencyConverterTest" time="0.127"/>
</testsuite>